=== д»»еҠЎеҗҜеҠЁ 2026-03-16 18:59:24 ===
зӣ®ж Ү: http://192.168.154.128/
================================================================================

=== [2026-03-16 19:00:12] curl -v -L -i http://192.168.154.128/ ===
Time: 0.07s
STDOUT:
HTTP/1.0 200 OK
Server: SimpleHTTP/0.6 Python/3.10.12
Date: Mon, 16 Mar 2026 11:00:13 GMT
Content-type: text/html
Content-Length: 897
Last-Modified: Mon, 16 Mar 2026 10:43:45 GMT

<style type="text/css">*{ padding: 0; margin: 0; } div{ padding: 4px 48px;} a{color:#2E5CD5;cursor: pointer;text-decoration: none} a:hover{text-decoration:underline; } body{ background: #fff; font-family: "Century Gothic","Microsoft yahei"; color: #333;font-size:18px;} h1{ font-size: 100px; font-weight: normal; margin-bottom: 12px; } p{ line-height: 1.6em; font-size: 42px }</style><div style="padding: 24px 48px;"> <h1>:) </h1><p> ThinkPHP V5.1<br/><span style="font-size:30px">12жқһи—үеһөи№ҮеҶ§з¬үйҸҖзҷёзҙҷ2006-2018й”ӣпҝҪ - жөЈзҠІпҝҪз…Һз·ұж·ҮВӨзҰҶйҗЁеҮұHPеҰ—е—ҳзҒҰ</span></p></div><script type="text/javascript" src="https://tajs.qq.com/stats?sId=64890268" charset="UTF-8"></script><script type="text/javascript" src="https://e.topthink.com/Public/static/client.js"></script><think id="eab4b9f840753f8e7">жөЈзҠөе№ҮйҚҰг„Ҙз°Із’ҮгғҘд»ӣйҚ‘иҪ°з«ҙж¶“пҝҪйҺөСҶпҝҪеұҪи„ҠйҚ‘йёҝпҝҪпј„з•»йҚЈг„§ж®‘йҺҙжЁјжҡҗйҺ°еҝ“жөҳй”ӣеІғз№–йҸҲеӨҠеҹ„жөңеәқз¶ҳйҺәгғӨз¬…йҸүгғ§ж®‘еЁ“жҘ…пҝҪеҝ“дјҗжөЈпҝҪ</think>
STDERR:
  % Total    % Received % Xferd  Average Speed  Time    Time    Time   Current
                                 Dload  Upload  Total   Spent   Left   Speed

  0      0   0      0   0      0      0      0                              0*   Trying 192.168.154.128:80...
* Established connection to 192.168.154.128 (192.168.154.128 port 80) from 192.168.154.1 port 31160 
* using HTTP/1.x
> GET / HTTP/1.1

> Host: 192.168.154.128

> User-Agent: curl/8.18.0

> Accept: */*

> 

* Request completely sent off
* HTTP 1.0, assume close after body
< HTTP/1.0 200 OK

< Server: SimpleHTTP/0.6 Python/3.10.12

< Date: Mon, 16 Mar 2026 11:00:13 GMT

< Content-type: text/html

< Content-Length: 897

< Last-Modified: Mon, 16 Mar 2026 10:43:45 GMT

< 

{ [897 bytes data]

100    897 100    897   0      0  32609      0                              0
100    897 100    897   0      0  32514      0                              0
100    897 100    897   0      0  32394      0                              0
* shutting down connection #0

================================================================================
=== [2026-03-16 19:05:59] python /aptools/dirsearch/dirsearch.py -u http://192.168.154.128/ -q --no-color --threads=10 ===
Time: 0.10s
STDOUT:

STDERR:
C:\Users\Tophanter\AppData\Local\Programs\Python\Python310\python.exe: can't open file 'D:\\aptools\\dirsearch\\dirsearch.py': [Errno 2] No such file or directory

================================================================================
=== [2026-03-16 19:07:53] curl -v -L -i http://192.168.154.128/ ===
Time: 0.05s
STDOUT:
HTTP/1.0 200 OK
Server: SimpleHTTP/0.6 Python/3.10.12
Date: Mon, 16 Mar 2026 11:07:55 GMT
Content-type: text/html
Content-Length: 897
Last-Modified: Mon, 16 Mar 2026 10:43:45 GMT

<style type="text/css">*{ padding: 0; margin: 0; } div{ padding: 4px 48px;} a{color:#2E5CD5;cursor: pointer;text-decoration: none} a:hover{text-decoration:underline; } body{ background: #fff; font-family: "Century Gothic","Microsoft yahei"; color: #333;font-size:18px;} h1{ font-size: 100px; font-weight: normal; margin-bottom: 12px; } p{ line-height: 1.6em; font-size: 42px }</style><div style="padding: 24px 48px;"> <h1>:) </h1><p> ThinkPHP V5.1<br/><span style="font-size:30px">12жқһи—үеһөи№ҮеҶ§з¬үйҸҖзҷёзҙҷ2006-2018й”ӣпҝҪ - жөЈзҠІпҝҪз…Һз·ұж·ҮВӨзҰҶйҗЁеҮұHPеҰ—е—ҳзҒҰ</span></p></div><script type="text/javascript" src="https://tajs.qq.com/stats?sId=64890268" charset="UTF-8"></script><script type="text/javascript" src="https://e.topthink.com/Public/static/client.js"></script><think id="eab4b9f840753f8e7">жөЈзҠөе№ҮйҚҰг„Ҙз°Із’ҮгғҘд»ӣйҚ‘иҪ°з«ҙж¶“пҝҪйҺөСҶпҝҪеұҪи„ҠйҚ‘йёҝпҝҪпј„з•»йҚЈг„§ж®‘йҺҙжЁјжҡҗйҺ°еҝ“жөҳй”ӣеІғз№–йҸҲеӨҠеҹ„жөңеәқз¶ҳйҺәгғӨз¬…йҸүгғ§ж®‘еЁ“жҘ…пҝҪеҝ“дјҗжөЈпҝҪ</think>
STDERR:
  % Total    % Received % Xferd  Average Speed  Time    Time    Time   Current
                                 Dload  Upload  Total   Spent   Left   Speed

  0      0   0      0   0      0      0      0                              0*   Trying 192.168.154.128:80...
* Established connection to 192.168.154.128 (192.168.154.128 port 80) from 192.168.154.1 port 11856 
* using HTTP/1.x
> GET / HTTP/1.1

> Host: 192.168.154.128

> User-Agent: curl/8.18.0

> Accept: */*

> 

* Request completely sent off
* HTTP 1.0, assume close after body
< HTTP/1.0 200 OK

< Server: SimpleHTTP/0.6 Python/3.10.12

< Date: Mon, 16 Mar 2026 11:07:55 GMT

< Content-type: text/html

< Content-Length: 897

< Last-Modified: Mon, 16 Mar 2026 10:43:45 GMT

< 

{ [897 bytes data]

100    897 100    897   0      0 192.7k      0                              0
100    897 100    897   0      0 188.7k      0                              0
100    897 100    897   0      0 185.1k      0                              0
* shutting down connection #0

================================================================================
